The system is: Darwin - 21.6.0 - arm64
Compiling the C compiler identification source file "CMakeCCompilerId.c" succeeded.
Compiler: /Applications/Xcode-14.0.1.app/Contents/Developer/Toolchains/XcodeDefault.xctoolchain/usr/bin/cc 
Build flags: 
Id flags: -c 

The output was:
0


Compilation of the C compiler identification source "CMakeCCompilerId.c" produced "CMakeCCompilerId.o"

The C compiler identification is AppleClang, found in "/Users/zacharylineman/Developer/GitHub/Hephaestus/Games/GameOfLife/build/CMakeFiles/3.23.2/CompilerIdC/CMakeCCompilerId.o"

Compiling the CXX compiler identification source file "CMakeCXXCompilerId.cpp" succeeded.
Compiler: /Applications/Xcode-14.0.1.app/Contents/Developer/Toolchains/XcodeDefault.xctoolchain/usr/bin/c++ 
Build flags: 
Id flags: -c 

The output was:
0


Compilation of the CXX compiler identification source "CMakeCXXCompilerId.cpp" produced "CMakeCXXCompilerId.o"

The CXX compiler identification is AppleClang, found in "/Users/zacharylineman/Developer/GitHub/Hephaestus/Games/GameOfLife/build/CMakeFiles/3.23.2/CompilerIdCXX/CMakeCXXCompilerId.o"

Detecting C compiler ABI info compiled with the following output:
Change Dir: /Users/zacharylineman/Developer/GitHub/Hephaestus/Games/GameOfLife/build/CMakeFiles/CMakeTmp

Run Build Command(s):/usr/bin/make -f Makefile cmTC_4cf63/fast && /Applications/Xcode-14.0.1.app/Contents/Developer/usr/bin/make  -f CMakeFiles/cmTC_4cf63.dir/build.make CMakeFiles/cmTC_4cf63.dir/build
Building C object CMakeFiles/cmTC_4cf63.dir/CMakeCCompilerABI.c.o
/Applications/Xcode-14.0.1.app/Contents/Developer/Toolchains/XcodeDefault.xctoolchain/usr/bin/cc   -arch arm64 -isysroot /Applications/Xcode-14.0.1.app/Contents/Developer/Platforms/MacOSX.platform/Developer/SDKs/MacOSX12.3.sdk   -v -Wl,-v -MD -MT CMakeFiles/cmTC_4cf63.dir/CMakeCCompilerABI.c.o -MF CMakeFiles/cmTC_4cf63.dir/CMakeCCompilerABI.c.o.d -o CMakeFiles/cmTC_4cf63.dir/CMakeCCompilerABI.c.o -c "/Users/zacharylineman/Library/Application Support/JetBrains/Toolbox/apps/CLion/ch-0/222.4167.35/CLion.app/Contents/bin/cmake/mac/share/cmake-3.23/Modules/CMakeCCompilerABI.c"
Apple clang version 14.0.0 (clang-1400.0.29.102)
Target: arm64-apple-darwin21.6.0
Thread model: posix
InstalledDir: /Applications/Xcode-14.0.1.app/Contents/Developer/Toolchains/XcodeDefault.xctoolchain/usr/bin
clang: warning: -Wl,-v: 'linker' input unused [-Wunused-command-line-argument]
 "/Applications/Xcode-14.0.1.app/Contents/Developer/Toolchains/XcodeDefault.xctoolchain/usr/bin/clang" -cc1 -triple arm64-apple-macosx12.0.0 -Wundef-prefix=TARGET_OS_ -Wdeprecated-objc-isa-usage -Werror=deprecated-objc-isa-usage -Werror=implicit-function-declaration -emit-obj -mrelax-all --mrelax-relocations -disable-free -clear-ast-before-backend -disable-llvm-verifier -discard-value-names -main-file-name CMakeCCompilerABI.c -mrelocation-model pic -pic-level 2 -mframe-pointer=non-leaf -fno-strict-return -fno-rounding-math -funwind-tables=2 -fobjc-msgsend-selector-stubs -target-sdk-version=12.3 -fvisibility-inlines-hidden-static-local-var -target-cpu apple-m1 -target-feature +v8.5a -target-feature +fp-armv8 -target-feature +neon -target-feature +crc -target-feature +crypto -target-feature +dotprod -target-feature +fp16fml -target-feature +ras -target-feature +lse -target-feature +rdm -target-feature +rcpc -target-feature +zcm -target-feature +zcz -target-feature +fullfp16 -target-feature +sm4 -target-feature +sha3 -target-feature +sha2 -target-feature +aes -target-abi darwinpcs -fallow-half-arguments-and-returns -debugger-tuning=lldb -target-linker-version 819.6 -v -resource-dir /Applications/Xcode-14.0.1.app/Contents/Developer/Toolchains/XcodeDefault.xctoolchain/usr/lib/clang/14.0.0 -dependency-file CMakeFiles/cmTC_4cf63.dir/CMakeCCompilerABI.c.o.d -skip-unused-modulemap-deps -MT CMakeFiles/cmTC_4cf63.dir/CMakeCCompilerABI.c.o -sys-header-deps -isysroot /Applications/Xcode-14.0.1.app/Contents/Developer/Platforms/MacOSX.platform/Developer/SDKs/MacOSX12.3.sdk -internal-isystem /Applications/Xcode-14.0.1.app/Contents/Developer/Platforms/MacOSX.platform/Developer/SDKs/MacOSX12.3.sdk/usr/local/include -internal-isystem /Applications/Xcode-14.0.1.app/Contents/Developer/Toolchains/XcodeDefault.xctoolchain/usr/lib/clang/14.0.0/include -internal-externc-isystem /Applications/Xcode-14.0.1.app/Contents/Developer/Platforms/MacOSX.platform/Developer/SDKs/MacOSX12.3.sdk/usr/include -internal-externc-isystem /Applications/Xcode-14.0.1.app/Contents/Developer/Toolchains/XcodeDefault.xctoolchain/usr/include -Wno-reorder-init-list -Wno-implicit-int-float-conversion -Wno-c99-designator -Wno-final-dtor-non-final-class -Wno-extra-semi-stmt -Wno-misleading-indentation -Wno-quoted-include-in-framework-header -Wno-implicit-fallthrough -Wno-enum-enum-conversion -Wno-enum-float-conversion -Wno-elaborated-enum-base -Wno-reserved-identifier -Wno-gnu-folding-constant -Wno-cast-function-type -Wno-bitwise-instead-of-logical -fdebug-compilation-dir=/Users/zacharylineman/Developer/GitHub/Hephaestus/Games/GameOfLife/build/CMakeFiles/CMakeTmp -ferror-limit 19 -stack-protector 1 -fstack-check -mdarwin-stkchk-strong-link -fblocks -fencode-extended-block-signature -fregister-global-dtors-with-atexit -fgnuc-version=4.2.1 -fmax-type-align=16 -fcommon -clang-vendor-feature=+messageToSelfInClassMethodIdReturnType -clang-vendor-feature=+disableInferNewAvailabilityFromInit -clang-vendor-feature=+disableNonDependentMemberExprInCurrentInstantiation -fno-odr-hash-protocols -clang-vendor-feature=+enableAggressiveVLAFolding -clang-vendor-feature=+revert09abecef7bbf -clang-vendor-feature=+thisNoAlignAttr -clang-vendor-feature=+thisNoNullAttr -mllvm -disable-aligned-alloc-awareness=1 -D__GCC_HAVE_DWARF2_CFI_ASM=1 -o CMakeFiles/cmTC_4cf63.dir/CMakeCCompilerABI.c.o -x c "/Users/zacharylineman/Library/Application Support/JetBrains/Toolbox/apps/CLion/ch-0/222.4167.35/CLion.app/Contents/bin/cmake/mac/share/cmake-3.23/Modules/CMakeCCompilerABI.c"
clang -cc1 version 14.0.0 (clang-1400.0.29.102) default target arm64-apple-darwin21.6.0
ignoring nonexistent directory "/Applications/Xcode-14.0.1.app/Contents/Developer/Platforms/MacOSX.platform/Developer/SDKs/MacOSX12.3.sdk/usr/local/include"
ignoring nonexistent directory "/Applications/Xcode-14.0.1.app/Contents/Developer/Platforms/MacOSX.platform/Developer/SDKs/MacOSX12.3.sdk/Library/Frameworks"
#include "..." search starts here:
#include <...> search starts here:
 /Applications/Xcode-14.0.1.app/Contents/Developer/Toolchains/XcodeDefault.xctoolchain/usr/lib/clang/14.0.0/include
 /Applications/Xcode-14.0.1.app/Contents/Developer/Platforms/MacOSX.platform/Developer/SDKs/MacOSX12.3.sdk/usr/include
 /Applications/Xcode-14.0.1.app/Contents/Developer/Toolchains/XcodeDefault.xctoolchain/usr/include
 /Applications/Xcode-14.0.1.app/Contents/Developer/Platforms/MacOSX.platform/Developer/SDKs/MacOSX12.3.sdk/System/Library/Frameworks (framework directory)
End of search list.
Linking C executable cmTC_4cf63
"/Users/zacharylineman/Library/Application Support/JetBrains/Toolbox/apps/CLion/ch-0/222.4167.35/CLion.app/Contents/bin/cmake/mac/bin/cmake" -E cmake_link_script CMakeFiles/cmTC_4cf63.dir/link.txt --verbose=1
/Applications/Xcode-14.0.1.app/Contents/Developer/Toolchains/XcodeDefault.xctoolchain/usr/bin/cc  -arch arm64 -isysroot /Applications/Xcode-14.0.1.app/Contents/Developer/Platforms/MacOSX.platform/Developer/SDKs/MacOSX12.3.sdk -Wl,-search_paths_first -Wl,-headerpad_max_install_names  -v -Wl,-v CMakeFiles/cmTC_4cf63.dir/CMakeCCompilerABI.c.o -o cmTC_4cf63 
Apple clang version 14.0.0 (clang-1400.0.29.102)
Target: arm64-apple-darwin21.6.0
Thread model: posix
InstalledDir: /Applications/Xcode-14.0.1.app/Contents/Developer/Toolchains/XcodeDefault.xctoolchain/usr/bin
 "/Applications/Xcode-14.0.1.app/Contents/Developer/Toolchains/XcodeDefault.xctoolchain/usr/bin/ld" -demangle -lto_library /Applications/Xcode-14.0.1.app/Contents/Developer/Toolchains/XcodeDefault.xctoolchain/usr/lib/libLTO.dylib -dynamic -arch arm64 -platform_version macos 12.0.0 12.3 -syslibroot /Applications/Xcode-14.0.1.app/Contents/Developer/Platforms/MacOSX.platform/Developer/SDKs/MacOSX12.3.sdk -o cmTC_4cf63 -search_paths_first -headerpad_max_install_names -v CMakeFiles/cmTC_4cf63.dir/CMakeCCompilerABI.c.o -lSystem /Applications/Xcode-14.0.1.app/Contents/Developer/Toolchains/XcodeDefault.xctoolchain/usr/lib/clang/14.0.0/lib/darwin/libclang_rt.osx.a
@(#)PROGRAM:ld  PROJECT:ld64-819.6
BUILD 21:47:32 Sep 13 2022
configured to support archs: armv6 armv7 armv7s arm64 arm64e arm64_32 i386 x86_64 x86_64h armv6m armv7k armv7m armv7em
Library search paths:
	/Applications/Xcode-14.0.1.app/Contents/Developer/Platforms/MacOSX.platform/Developer/SDKs/MacOSX12.3.sdk/usr/lib
Framework search paths:
	/Applications/Xcode-14.0.1.app/Contents/Developer/Platforms/MacOSX.platform/Developer/SDKs/MacOSX12.3.sdk/System/Library/Frameworks/



Parsed C implicit include dir info from above output: rv=done
  found start of include info
  found start of implicit include info
    add: [/Applications/Xcode-14.0.1.app/Contents/Developer/Toolchains/XcodeDefault.xctoolchain/usr/lib/clang/14.0.0/include]
    add: [/Applications/Xcode-14.0.1.app/Contents/Developer/Platforms/MacOSX.platform/Developer/SDKs/MacOSX12.3.sdk/usr/include]
    add: [/Applications/Xcode-14.0.1.app/Contents/Developer/Toolchains/XcodeDefault.xctoolchain/usr/include]
  end of search list found
  collapse include dir [/Applications/Xcode-14.0.1.app/Contents/Developer/Toolchains/XcodeDefault.xctoolchain/usr/lib/clang/14.0.0/include] ==> [/Applications/Xcode-14.0.1.app/Contents/Developer/Toolchains/XcodeDefault.xctoolchain/usr/lib/clang/14.0.0/include]
  collapse include dir [/Applications/Xcode-14.0.1.app/Contents/Developer/Platforms/MacOSX.platform/Developer/SDKs/MacOSX12.3.sdk/usr/include] ==> [/Applications/Xcode-14.0.1.app/Contents/Developer/Platforms/MacOSX.platform/Developer/SDKs/MacOSX12.3.sdk/usr/include]
  collapse include dir [/Applications/Xcode-14.0.1.app/Contents/Developer/Toolchains/XcodeDefault.xctoolchain/usr/include] ==> [/Applications/Xcode-14.0.1.app/Contents/Developer/Toolchains/XcodeDefault.xctoolchain/usr/include]
  implicit include dirs: [/Applications/Xcode-14.0.1.app/Contents/Developer/Toolchains/XcodeDefault.xctoolchain/usr/lib/clang/14.0.0/include;/Applications/Xcode-14.0.1.app/Contents/Developer/Platforms/MacOSX.platform/Developer/SDKs/MacOSX12.3.sdk/usr/include;/Applications/Xcode-14.0.1.app/Contents/Developer/Toolchains/XcodeDefault.xctoolchain/usr/include]


Parsed C implicit link information from above output:
  link line regex: [^( *|.*[/\])(ld|CMAKE_LINK_STARTFILE-NOTFOUND|([^/\]+-)?ld|collect2)[^/\]*( |$)]
  ignore line: [Change Dir: /Users/zacharylineman/Developer/GitHub/Hephaestus/Games/GameOfLife/build/CMakeFiles/CMakeTmp]
  ignore line: []
  ignore line: [Run Build Command(s):/usr/bin/make -f Makefile cmTC_4cf63/fast && /Applications/Xcode-14.0.1.app/Contents/Developer/usr/bin/make  -f CMakeFiles/cmTC_4cf63.dir/build.make CMakeFiles/cmTC_4cf63.dir/build]
  ignore line: [Building C object CMakeFiles/cmTC_4cf63.dir/CMakeCCompilerABI.c.o]
  ignore line: [/Applications/Xcode-14.0.1.app/Contents/Developer/Toolchains/XcodeDefault.xctoolchain/usr/bin/cc   -arch arm64 -isysroot /Applications/Xcode-14.0.1.app/Contents/Developer/Platforms/MacOSX.platform/Developer/SDKs/MacOSX12.3.sdk   -v -Wl -v -MD -MT CMakeFiles/cmTC_4cf63.dir/CMakeCCompilerABI.c.o -MF CMakeFiles/cmTC_4cf63.dir/CMakeCCompilerABI.c.o.d -o CMakeFiles/cmTC_4cf63.dir/CMakeCCompilerABI.c.o -c "/Users/zacharylineman/Library/Application Support/JetBrains/Toolbox/apps/CLion/ch-0/222.4167.35/CLion.app/Contents/bin/cmake/mac/share/cmake-3.23/Modules/CMakeCCompilerABI.c"]
  ignore line: [Apple clang version 14.0.0 (clang-1400.0.29.102)]
  ignore line: [Target: arm64-apple-darwin21.6.0]
  ignore line: [Thread model: posix]
  ignore line: [InstalledDir: /Applications/Xcode-14.0.1.app/Contents/Developer/Toolchains/XcodeDefault.xctoolchain/usr/bin]
  ignore line: [clang: warning: -Wl -v: 'linker' input unused [-Wunused-command-line-argument]]
  ignore line: [ "/Applications/Xcode-14.0.1.app/Contents/Developer/Toolchains/XcodeDefault.xctoolchain/usr/bin/clang" -cc1 -triple arm64-apple-macosx12.0.0 -Wundef-prefix=TARGET_OS_ -Wdeprecated-objc-isa-usage -Werror=deprecated-objc-isa-usage -Werror=implicit-function-declaration -emit-obj -mrelax-all --mrelax-relocations -disable-free -clear-ast-before-backend -disable-llvm-verifier -discard-value-names -main-file-name CMakeCCompilerABI.c -mrelocation-model pic -pic-level 2 -mframe-pointer=non-leaf -fno-strict-return -fno-rounding-math -funwind-tables=2 -fobjc-msgsend-selector-stubs -target-sdk-version=12.3 -fvisibility-inlines-hidden-static-local-var -target-cpu apple-m1 -target-feature +v8.5a -target-feature +fp-armv8 -target-feature +neon -target-feature +crc -target-feature +crypto -target-feature +dotprod -target-feature +fp16fml -target-feature +ras -target-feature +lse -target-feature +rdm -target-feature +rcpc -target-feature +zcm -target-feature +zcz -target-feature +fullfp16 -target-feature +sm4 -target-feature +sha3 -target-feature +sha2 -target-feature +aes -target-abi darwinpcs -fallow-half-arguments-and-returns -debugger-tuning=lldb -target-linker-version 819.6 -v -resource-dir /Applications/Xcode-14.0.1.app/Contents/Developer/Toolchains/XcodeDefault.xctoolchain/usr/lib/clang/14.0.0 -dependency-file CMakeFiles/cmTC_4cf63.dir/CMakeCCompilerABI.c.o.d -skip-unused-modulemap-deps -MT CMakeFiles/cmTC_4cf63.dir/CMakeCCompilerABI.c.o -sys-header-deps -isysroot /Applications/Xcode-14.0.1.app/Contents/Developer/Platforms/MacOSX.platform/Developer/SDKs/MacOSX12.3.sdk -internal-isystem /Applications/Xcode-14.0.1.app/Contents/Developer/Platforms/MacOSX.platform/Developer/SDKs/MacOSX12.3.sdk/usr/local/include -internal-isystem /Applications/Xcode-14.0.1.app/Contents/Developer/Toolchains/XcodeDefault.xctoolchain/usr/lib/clang/14.0.0/include -internal-externc-isystem /Applications/Xcode-14.0.1.app/Contents/Developer/Platforms/MacOSX.platform/Developer/SDKs/MacOSX12.3.sdk/usr/include -internal-externc-isystem /Applications/Xcode-14.0.1.app/Contents/Developer/Toolchains/XcodeDefault.xctoolchain/usr/include -Wno-reorder-init-list -Wno-implicit-int-float-conversion -Wno-c99-designator -Wno-final-dtor-non-final-class -Wno-extra-semi-stmt -Wno-misleading-indentation -Wno-quoted-include-in-framework-header -Wno-implicit-fallthrough -Wno-enum-enum-conversion -Wno-enum-float-conversion -Wno-elaborated-enum-base -Wno-reserved-identifier -Wno-gnu-folding-constant -Wno-cast-function-type -Wno-bitwise-instead-of-logical -fdebug-compilation-dir=/Users/zacharylineman/Developer/GitHub/Hephaestus/Games/GameOfLife/build/CMakeFiles/CMakeTmp -ferror-limit 19 -stack-protector 1 -fstack-check -mdarwin-stkchk-strong-link -fblocks -fencode-extended-block-signature -fregister-global-dtors-with-atexit -fgnuc-version=4.2.1 -fmax-type-align=16 -fcommon -clang-vendor-feature=+messageToSelfInClassMethodIdReturnType -clang-vendor-feature=+disableInferNewAvailabilityFromInit -clang-vendor-feature=+disableNonDependentMemberExprInCurrentInstantiation -fno-odr-hash-protocols -clang-vendor-feature=+enableAggressiveVLAFolding -clang-vendor-feature=+revert09abecef7bbf -clang-vendor-feature=+thisNoAlignAttr -clang-vendor-feature=+thisNoNullAttr -mllvm -disable-aligned-alloc-awareness=1 -D__GCC_HAVE_DWARF2_CFI_ASM=1 -o CMakeFiles/cmTC_4cf63.dir/CMakeCCompilerABI.c.o -x c "/Users/zacharylineman/Library/Application Support/JetBrains/Toolbox/apps/CLion/ch-0/222.4167.35/CLion.app/Contents/bin/cmake/mac/share/cmake-3.23/Modules/CMakeCCompilerABI.c"]
  ignore line: [clang -cc1 version 14.0.0 (clang-1400.0.29.102) default target arm64-apple-darwin21.6.0]
  ignore line: [ignoring nonexistent directory "/Applications/Xcode-14.0.1.app/Contents/Developer/Platforms/MacOSX.platform/Developer/SDKs/MacOSX12.3.sdk/usr/local/include"]
  ignore line: [ignoring nonexistent directory "/Applications/Xcode-14.0.1.app/Contents/Developer/Platforms/MacOSX.platform/Developer/SDKs/MacOSX12.3.sdk/Library/Frameworks"]
  ignore line: [#include "..." search starts here:]
  ignore line: [#include <...> search starts here:]
  ignore line: [ /Applications/Xcode-14.0.1.app/Contents/Developer/Toolchains/XcodeDefault.xctoolchain/usr/lib/clang/14.0.0/include]
  ignore line: [ /Applications/Xcode-14.0.1.app/Contents/Developer/Platforms/MacOSX.platform/Developer/SDKs/MacOSX12.3.sdk/usr/include]
  ignore line: [ /Applications/Xcode-14.0.1.app/Contents/Developer/Toolchains/XcodeDefault.xctoolchain/usr/include]
  ignore line: [ /Applications/Xcode-14.0.1.app/Contents/Developer/Platforms/MacOSX.platform/Developer/SDKs/MacOSX12.3.sdk/System/Library/Frameworks (framework directory)]
  ignore line: [End of search list.]
  ignore line: [Linking C executable cmTC_4cf63]
  ignore line: ["/Users/zacharylineman/Library/Application Support/JetBrains/Toolbox/apps/CLion/ch-0/222.4167.35/CLion.app/Contents/bin/cmake/mac/bin/cmake" -E cmake_link_script CMakeFiles/cmTC_4cf63.dir/link.txt --verbose=1]
  ignore line: [/Applications/Xcode-14.0.1.app/Contents/Developer/Toolchains/XcodeDefault.xctoolchain/usr/bin/cc  -arch arm64 -isysroot /Applications/Xcode-14.0.1.app/Contents/Developer/Platforms/MacOSX.platform/Developer/SDKs/MacOSX12.3.sdk -Wl -search_paths_first -Wl -headerpad_max_install_names  -v -Wl -v CMakeFiles/cmTC_4cf63.dir/CMakeCCompilerABI.c.o -o cmTC_4cf63 ]
  ignore line: [Apple clang version 14.0.0 (clang-1400.0.29.102)]
  ignore line: [Target: arm64-apple-darwin21.6.0]
  ignore line: [Thread model: posix]
  ignore line: [InstalledDir: /Applications/Xcode-14.0.1.app/Contents/Developer/Toolchains/XcodeDefault.xctoolchain/usr/bin]
  link line: [ "/Applications/Xcode-14.0.1.app/Contents/Developer/Toolchains/XcodeDefault.xctoolchain/usr/bin/ld" -demangle -lto_library /Applications/Xcode-14.0.1.app/Contents/Developer/Toolchains/XcodeDefault.xctoolchain/usr/lib/libLTO.dylib -dynamic -arch arm64 -platform_version macos 12.0.0 12.3 -syslibroot /Applications/Xcode-14.0.1.app/Contents/Developer/Platforms/MacOSX.platform/Developer/SDKs/MacOSX12.3.sdk -o cmTC_4cf63 -search_paths_first -headerpad_max_install_names -v CMakeFiles/cmTC_4cf63.dir/CMakeCCompilerABI.c.o -lSystem /Applications/Xcode-14.0.1.app/Contents/Developer/Toolchains/XcodeDefault.xctoolchain/usr/lib/clang/14.0.0/lib/darwin/libclang_rt.osx.a]
    arg [/Applications/Xcode-14.0.1.app/Contents/Developer/Toolchains/XcodeDefault.xctoolchain/usr/bin/ld] ==> ignore
    arg [-demangle] ==> ignore
    arg [-lto_library] ==> ignore, skip following value
    arg [/Applications/Xcode-14.0.1.app/Contents/Developer/Toolchains/XcodeDefault.xctoolchain/usr/lib/libLTO.dylib] ==> skip value of -lto_library
    arg [-dynamic] ==> ignore
    arg [-arch] ==> ignore
    arg [arm64] ==> ignore
    arg [-platform_version] ==> ignore
    arg [macos] ==> ignore
    arg [12.0.0] ==> ignore
    arg [12.3] ==> ignore
    arg [-syslibroot] ==> ignore
    arg [/Applications/Xcode-14.0.1.app/Contents/Developer/Platforms/MacOSX.platform/Developer/SDKs/MacOSX12.3.sdk] ==> ignore
    arg [-o] ==> ignore
    arg [cmTC_4cf63] ==> ignore
    arg [-search_paths_first] ==> ignore
    arg [-headerpad_max_install_names] ==> ignore
    arg [-v] ==> ignore
    arg [CMakeFiles/cmTC_4cf63.dir/CMakeCCompilerABI.c.o] ==> ignore
    arg [-lSystem] ==> lib [System]
    arg [/Applications/Xcode-14.0.1.app/Contents/Developer/Toolchains/XcodeDefault.xctoolchain/usr/lib/clang/14.0.0/lib/darwin/libclang_rt.osx.a] ==> lib [/Applications/Xcode-14.0.1.app/Contents/Developer/Toolchains/XcodeDefault.xctoolchain/usr/lib/clang/14.0.0/lib/darwin/libclang_rt.osx.a]
  Library search paths: [;/Applications/Xcode-14.0.1.app/Contents/Developer/Platforms/MacOSX.platform/Developer/SDKs/MacOSX12.3.sdk/usr/lib]
  Framework search paths: [;/Applications/Xcode-14.0.1.app/Contents/Developer/Platforms/MacOSX.platform/Developer/SDKs/MacOSX12.3.sdk/System/Library/Frameworks/]
  remove lib [System]
  remove lib [/Applications/Xcode-14.0.1.app/Contents/Developer/Toolchains/XcodeDefault.xctoolchain/usr/lib/clang/14.0.0/lib/darwin/libclang_rt.osx.a]
  collapse library dir [/Applications/Xcode-14.0.1.app/Contents/Developer/Platforms/MacOSX.platform/Developer/SDKs/MacOSX12.3.sdk/usr/lib] ==> [/Applications/Xcode-14.0.1.app/Contents/Developer/Platforms/MacOSX.platform/Developer/SDKs/MacOSX12.3.sdk/usr/lib]
  collapse framework dir [/Applications/Xcode-14.0.1.app/Contents/Developer/Platforms/MacOSX.platform/Developer/SDKs/MacOSX12.3.sdk/System/Library/Frameworks/] ==> [/Applications/Xcode-14.0.1.app/Contents/Developer/Platforms/MacOSX.platform/Developer/SDKs/MacOSX12.3.sdk/System/Library/Frameworks]
  implicit libs: []
  implicit objs: []
  implicit dirs: [/Applications/Xcode-14.0.1.app/Contents/Developer/Platforms/MacOSX.platform/Developer/SDKs/MacOSX12.3.sdk/usr/lib]
  implicit fwks: [/Applications/Xcode-14.0.1.app/Contents/Developer/Platforms/MacOSX.platform/Developer/SDKs/MacOSX12.3.sdk/System/Library/Frameworks]


Detecting CXX compiler ABI info compiled with the following output:
Change Dir: /Users/zacharylineman/Developer/GitHub/Hephaestus/Games/GameOfLife/build/CMakeFiles/CMakeTmp

Run Build Command(s):/usr/bin/make -f Makefile cmTC_319e7/fast && /Applications/Xcode-14.0.1.app/Contents/Developer/usr/bin/make  -f CMakeFiles/cmTC_319e7.dir/build.make CMakeFiles/cmTC_319e7.dir/build
Building CXX object CMakeFiles/cmTC_319e7.dir/CMakeCXXCompilerABI.cpp.o
/Applications/Xcode-14.0.1.app/Contents/Developer/Toolchains/XcodeDefault.xctoolchain/usr/bin/c++   -arch arm64 -isysroot /Applications/Xcode-14.0.1.app/Contents/Developer/Platforms/MacOSX.platform/Developer/SDKs/MacOSX12.3.sdk   -v -Wl,-v -MD -MT CMakeFiles/cmTC_319e7.dir/CMakeCXXCompilerABI.cpp.o -MF CMakeFiles/cmTC_319e7.dir/CMakeCXXCompilerABI.cpp.o.d -o CMakeFiles/cmTC_319e7.dir/CMakeCXXCompilerABI.cpp.o -c "/Users/zacharylineman/Library/Application Support/JetBrains/Toolbox/apps/CLion/ch-0/222.4167.35/CLion.app/Contents/bin/cmake/mac/share/cmake-3.23/Modules/CMakeCXXCompilerABI.cpp"
Apple clang version 14.0.0 (clang-1400.0.29.102)
Target: arm64-apple-darwin21.6.0
Thread model: posix
InstalledDir: /Applications/Xcode-14.0.1.app/Contents/Developer/Toolchains/XcodeDefault.xctoolchain/usr/bin
clang: warning: -Wl,-v: 'linker' input unused [-Wunused-command-line-argument]
 "/Applications/Xcode-14.0.1.app/Contents/Developer/Toolchains/XcodeDefault.xctoolchain/usr/bin/clang" -cc1 -triple arm64-apple-macosx12.0.0 -Wundef-prefix=TARGET_OS_ -Wdeprecated-objc-isa-usage -Werror=deprecated-objc-isa-usage -Werror=implicit-function-declaration -emit-obj -mrelax-all --mrelax-relocations -disable-free -clear-ast-before-backend -disable-llvm-verifier -discard-value-names -main-file-name CMakeCXXCompilerABI.cpp -mrelocation-model pic -pic-level 2 -mframe-pointer=non-leaf -fno-strict-return -fno-rounding-math -funwind-tables=2 -fobjc-msgsend-selector-stubs -target-sdk-version=12.3 -fvisibility-inlines-hidden-static-local-var -target-cpu apple-m1 -target-feature +v8.5a -target-feature +fp-armv8 -target-feature +neon -target-feature +crc -target-feature +crypto -target-feature +dotprod -target-feature +fp16fml -target-feature +ras -target-feature +lse -target-feature +rdm -target-feature +rcpc -target-feature +zcm -target-feature +zcz -target-feature +fullfp16 -target-feature +sm4 -target-feature +sha3 -target-feature +sha2 -target-feature +aes -target-abi darwinpcs -fallow-half-arguments-and-returns -debugger-tuning=lldb -target-linker-version 819.6 -v -resource-dir /Applications/Xcode-14.0.1.app/Contents/Developer/Toolchains/XcodeDefault.xctoolchain/usr/lib/clang/14.0.0 -dependency-file CMakeFiles/cmTC_319e7.dir/CMakeCXXCompilerABI.cpp.o.d -skip-unused-modulemap-deps -MT CMakeFiles/cmTC_319e7.dir/CMakeCXXCompilerABI.cpp.o -sys-header-deps -isysroot /Applications/Xcode-14.0.1.app/Contents/Developer/Platforms/MacOSX.platform/Developer/SDKs/MacOSX12.3.sdk -stdlib=libc++ -internal-isystem /Applications/Xcode-14.0.1.app/Contents/Developer/Platforms/MacOSX.platform/Developer/SDKs/MacOSX12.3.sdk/usr/include/c++/v1 -internal-isystem /Applications/Xcode-14.0.1.app/Contents/Developer/Platforms/MacOSX.platform/Developer/SDKs/MacOSX12.3.sdk/usr/local/include -internal-isystem /Applications/Xcode-14.0.1.app/Contents/Developer/Toolchains/XcodeDefault.xctoolchain/usr/lib/clang/14.0.0/include -internal-externc-isystem /Applications/Xcode-14.0.1.app/Contents/Developer/Platforms/MacOSX.platform/Developer/SDKs/MacOSX12.3.sdk/usr/include -internal-externc-isystem /Applications/Xcode-14.0.1.app/Contents/Developer/Toolchains/XcodeDefault.xctoolchain/usr/include -Wno-reorder-init-list -Wno-implicit-int-float-conversion -Wno-c99-designator -Wno-final-dtor-non-final-class -Wno-extra-semi-stmt -Wno-misleading-indentation -Wno-quoted-include-in-framework-header -Wno-implicit-fallthrough -Wno-enum-enum-conversion -Wno-enum-float-conversion -Wno-elaborated-enum-base -Wno-reserved-identifier -Wno-gnu-folding-constant -Wno-cast-function-type -Wno-bitwise-instead-of-logical -fdeprecated-macro -fdebug-compilation-dir=/Users/zacharylineman/Developer/GitHub/Hephaestus/Games/GameOfLife/build/CMakeFiles/CMakeTmp -ferror-limit 19 -stack-protector 1 -fstack-check -mdarwin-stkchk-strong-link -fblocks -fencode-extended-block-signature -fregister-global-dtors-with-atexit -fgnuc-version=4.2.1 -fno-cxx-modules -fcxx-exceptions -fexceptions -fmax-type-align=16 -fcommon -clang-vendor-feature=+messageToSelfInClassMethodIdReturnType -clang-vendor-feature=+disableInferNewAvailabilityFromInit -clang-vendor-feature=+disableNonDependentMemberExprInCurrentInstantiation -fno-odr-hash-protocols -clang-vendor-feature=+enableAggressiveVLAFolding -clang-vendor-feature=+revert09abecef7bbf -clang-vendor-feature=+thisNoAlignAttr -clang-vendor-feature=+thisNoNullAttr -mllvm -disable-aligned-alloc-awareness=1 -D__GCC_HAVE_DWARF2_CFI_ASM=1 -o CMakeFiles/cmTC_319e7.dir/CMakeCXXCompilerABI.cpp.o -x c++ "/Users/zacharylineman/Library/Application Support/JetBrains/Toolbox/apps/CLion/ch-0/222.4167.35/CLion.app/Contents/bin/cmake/mac/share/cmake-3.23/Modules/CMakeCXXCompilerABI.cpp"
clang -cc1 version 14.0.0 (clang-1400.0.29.102) default target arm64-apple-darwin21.6.0
ignoring nonexistent directory "/Applications/Xcode-14.0.1.app/Contents/Developer/Platforms/MacOSX.platform/Developer/SDKs/MacOSX12.3.sdk/usr/local/include"
ignoring nonexistent directory "/Applications/Xcode-14.0.1.app/Contents/Developer/Platforms/MacOSX.platform/Developer/SDKs/MacOSX12.3.sdk/Library/Frameworks"
#include "..." search starts here:
#include <...> search starts here:
 /Applications/Xcode-14.0.1.app/Contents/Developer/Platforms/MacOSX.platform/Developer/SDKs/MacOSX12.3.sdk/usr/include/c++/v1
 /Applications/Xcode-14.0.1.app/Contents/Developer/Toolchains/XcodeDefault.xctoolchain/usr/lib/clang/14.0.0/include
 /Applications/Xcode-14.0.1.app/Contents/Developer/Platforms/MacOSX.platform/Developer/SDKs/MacOSX12.3.sdk/usr/include
 /Applications/Xcode-14.0.1.app/Contents/Developer/Toolchains/XcodeDefault.xctoolchain/usr/include
 /Applications/Xcode-14.0.1.app/Contents/Developer/Platforms/MacOSX.platform/Developer/SDKs/MacOSX12.3.sdk/System/Library/Frameworks (framework directory)
End of search list.
Linking CXX executable cmTC_319e7
"/Users/zacharylineman/Library/Application Support/JetBrains/Toolbox/apps/CLion/ch-0/222.4167.35/CLion.app/Contents/bin/cmake/mac/bin/cmake" -E cmake_link_script CMakeFiles/cmTC_319e7.dir/link.txt --verbose=1
/Applications/Xcode-14.0.1.app/Contents/Developer/Toolchains/XcodeDefault.xctoolchain/usr/bin/c++  -arch arm64 -isysroot /Applications/Xcode-14.0.1.app/Contents/Developer/Platforms/MacOSX.platform/Developer/SDKs/MacOSX12.3.sdk -Wl,-search_paths_first -Wl,-headerpad_max_install_names  -v -Wl,-v CMakeFiles/cmTC_319e7.dir/CMakeCXXCompilerABI.cpp.o -o cmTC_319e7 
Apple clang version 14.0.0 (clang-1400.0.29.102)
Target: arm64-apple-darwin21.6.0
Thread model: posix
InstalledDir: /Applications/Xcode-14.0.1.app/Contents/Developer/Toolchains/XcodeDefault.xctoolchain/usr/bin
 "/Applications/Xcode-14.0.1.app/Contents/Developer/Toolchains/XcodeDefault.xctoolchain/usr/bin/ld" -demangle -lto_library /Applications/Xcode-14.0.1.app/Contents/Developer/Toolchains/XcodeDefault.xctoolchain/usr/lib/libLTO.dylib -dynamic -arch arm64 -platform_version macos 12.0.0 12.3 -syslibroot /Applications/Xcode-14.0.1.app/Contents/Developer/Platforms/MacOSX.platform/Developer/SDKs/MacOSX12.3.sdk -o cmTC_319e7 -search_paths_first -headerpad_max_install_names -v CMakeFiles/cmTC_319e7.dir/CMakeCXXCompilerABI.cpp.o -lc++ -lSystem /Applications/Xcode-14.0.1.app/Contents/Developer/Toolchains/XcodeDefault.xctoolchain/usr/lib/clang/14.0.0/lib/darwin/libclang_rt.osx.a
@(#)PROGRAM:ld  PROJECT:ld64-819.6
BUILD 21:47:32 Sep 13 2022
configured to support archs: armv6 armv7 armv7s arm64 arm64e arm64_32 i386 x86_64 x86_64h armv6m armv7k armv7m armv7em
Library search paths:
	/Applications/Xcode-14.0.1.app/Contents/Developer/Platforms/MacOSX.platform/Developer/SDKs/MacOSX12.3.sdk/usr/lib
Framework search paths:
	/Applications/Xcode-14.0.1.app/Contents/Developer/Platforms/MacOSX.platform/Developer/SDKs/MacOSX12.3.sdk/System/Library/Frameworks/



Parsed CXX implicit include dir info from above output: rv=done
  found start of include info
  found start of implicit include info
    add: [/Applications/Xcode-14.0.1.app/Contents/Developer/Platforms/MacOSX.platform/Developer/SDKs/MacOSX12.3.sdk/usr/include/c++/v1]
    add: [/Applications/Xcode-14.0.1.app/Contents/Developer/Toolchains/XcodeDefault.xctoolchain/usr/lib/clang/14.0.0/include]
    add: [/Applications/Xcode-14.0.1.app/Contents/Developer/Platforms/MacOSX.platform/Developer/SDKs/MacOSX12.3.sdk/usr/include]
    add: [/Applications/Xcode-14.0.1.app/Contents/Developer/Toolchains/XcodeDefault.xctoolchain/usr/include]
  end of search list found
  collapse include dir [/Applications/Xcode-14.0.1.app/Contents/Developer/Platforms/MacOSX.platform/Developer/SDKs/MacOSX12.3.sdk/usr/include/c++/v1] ==> [/Applications/Xcode-14.0.1.app/Contents/Developer/Platforms/MacOSX.platform/Developer/SDKs/MacOSX12.3.sdk/usr/include/c++/v1]
  collapse include dir [/Applications/Xcode-14.0.1.app/Contents/Developer/Toolchains/XcodeDefault.xctoolchain/usr/lib/clang/14.0.0/include] ==> [/Applications/Xcode-14.0.1.app/Contents/Developer/Toolchains/XcodeDefault.xctoolchain/usr/lib/clang/14.0.0/include]
  collapse include dir [/Applications/Xcode-14.0.1.app/Contents/Developer/Platforms/MacOSX.platform/Developer/SDKs/MacOSX12.3.sdk/usr/include] ==> [/Applications/Xcode-14.0.1.app/Contents/Developer/Platforms/MacOSX.platform/Developer/SDKs/MacOSX12.3.sdk/usr/include]
  collapse include dir [/Applications/Xcode-14.0.1.app/Contents/Developer/Toolchains/XcodeDefault.xctoolchain/usr/include] ==> [/Applications/Xcode-14.0.1.app/Contents/Developer/Toolchains/XcodeDefault.xctoolchain/usr/include]
  implicit include dirs: [/Applications/Xcode-14.0.1.app/Contents/Developer/Platforms/MacOSX.platform/Developer/SDKs/MacOSX12.3.sdk/usr/include/c++/v1;/Applications/Xcode-14.0.1.app/Contents/Developer/Toolchains/XcodeDefault.xctoolchain/usr/lib/clang/14.0.0/include;/Applications/Xcode-14.0.1.app/Contents/Developer/Platforms/MacOSX.platform/Developer/SDKs/MacOSX12.3.sdk/usr/include;/Applications/Xcode-14.0.1.app/Contents/Developer/Toolchains/XcodeDefault.xctoolchain/usr/include]


Parsed CXX implicit link information from above output:
  link line regex: [^( *|.*[/\])(ld|CMAKE_LINK_STARTFILE-NOTFOUND|([^/\]+-)?ld|collect2)[^/\]*( |$)]
  ignore line: [Change Dir: /Users/zacharylineman/Developer/GitHub/Hephaestus/Games/GameOfLife/build/CMakeFiles/CMakeTmp]
  ignore line: []
  ignore line: [Run Build Command(s):/usr/bin/make -f Makefile cmTC_319e7/fast && /Applications/Xcode-14.0.1.app/Contents/Developer/usr/bin/make  -f CMakeFiles/cmTC_319e7.dir/build.make CMakeFiles/cmTC_319e7.dir/build]
  ignore line: [Building CXX object CMakeFiles/cmTC_319e7.dir/CMakeCXXCompilerABI.cpp.o]
  ignore line: [/Applications/Xcode-14.0.1.app/Contents/Developer/Toolchains/XcodeDefault.xctoolchain/usr/bin/c++   -arch arm64 -isysroot /Applications/Xcode-14.0.1.app/Contents/Developer/Platforms/MacOSX.platform/Developer/SDKs/MacOSX12.3.sdk   -v -Wl -v -MD -MT CMakeFiles/cmTC_319e7.dir/CMakeCXXCompilerABI.cpp.o -MF CMakeFiles/cmTC_319e7.dir/CMakeCXXCompilerABI.cpp.o.d -o CMakeFiles/cmTC_319e7.dir/CMakeCXXCompilerABI.cpp.o -c "/Users/zacharylineman/Library/Application Support/JetBrains/Toolbox/apps/CLion/ch-0/222.4167.35/CLion.app/Contents/bin/cmake/mac/share/cmake-3.23/Modules/CMakeCXXCompilerABI.cpp"]
  ignore line: [Apple clang version 14.0.0 (clang-1400.0.29.102)]
  ignore line: [Target: arm64-apple-darwin21.6.0]
  ignore line: [Thread model: posix]
  ignore line: [InstalledDir: /Applications/Xcode-14.0.1.app/Contents/Developer/Toolchains/XcodeDefault.xctoolchain/usr/bin]
  ignore line: [clang: warning: -Wl -v: 'linker' input unused [-Wunused-command-line-argument]]
  ignore line: [ "/Applications/Xcode-14.0.1.app/Contents/Developer/Toolchains/XcodeDefault.xctoolchain/usr/bin/clang" -cc1 -triple arm64-apple-macosx12.0.0 -Wundef-prefix=TARGET_OS_ -Wdeprecated-objc-isa-usage -Werror=deprecated-objc-isa-usage -Werror=implicit-function-declaration -emit-obj -mrelax-all --mrelax-relocations -disable-free -clear-ast-before-backend -disable-llvm-verifier -discard-value-names -main-file-name CMakeCXXCompilerABI.cpp -mrelocation-model pic -pic-level 2 -mframe-pointer=non-leaf -fno-strict-return -fno-rounding-math -funwind-tables=2 -fobjc-msgsend-selector-stubs -target-sdk-version=12.3 -fvisibility-inlines-hidden-static-local-var -target-cpu apple-m1 -target-feature +v8.5a -target-feature +fp-armv8 -target-feature +neon -target-feature +crc -target-feature +crypto -target-feature +dotprod -target-feature +fp16fml -target-feature +ras -target-feature +lse -target-feature +rdm -target-feature +rcpc -target-feature +zcm -target-feature +zcz -target-feature +fullfp16 -target-feature +sm4 -target-feature +sha3 -target-feature +sha2 -target-feature +aes -target-abi darwinpcs -fallow-half-arguments-and-returns -debugger-tuning=lldb -target-linker-version 819.6 -v -resource-dir /Applications/Xcode-14.0.1.app/Contents/Developer/Toolchains/XcodeDefault.xctoolchain/usr/lib/clang/14.0.0 -dependency-file CMakeFiles/cmTC_319e7.dir/CMakeCXXCompilerABI.cpp.o.d -skip-unused-modulemap-deps -MT CMakeFiles/cmTC_319e7.dir/CMakeCXXCompilerABI.cpp.o -sys-header-deps -isysroot /Applications/Xcode-14.0.1.app/Contents/Developer/Platforms/MacOSX.platform/Developer/SDKs/MacOSX12.3.sdk -stdlib=libc++ -internal-isystem /Applications/Xcode-14.0.1.app/Contents/Developer/Platforms/MacOSX.platform/Developer/SDKs/MacOSX12.3.sdk/usr/include/c++/v1 -internal-isystem /Applications/Xcode-14.0.1.app/Contents/Developer/Platforms/MacOSX.platform/Developer/SDKs/MacOSX12.3.sdk/usr/local/include -internal-isystem /Applications/Xcode-14.0.1.app/Contents/Developer/Toolchains/XcodeDefault.xctoolchain/usr/lib/clang/14.0.0/include -internal-externc-isystem /Applications/Xcode-14.0.1.app/Contents/Developer/Platforms/MacOSX.platform/Developer/SDKs/MacOSX12.3.sdk/usr/include -internal-externc-isystem /Applications/Xcode-14.0.1.app/Contents/Developer/Toolchains/XcodeDefault.xctoolchain/usr/include -Wno-reorder-init-list -Wno-implicit-int-float-conversion -Wno-c99-designator -Wno-final-dtor-non-final-class -Wno-extra-semi-stmt -Wno-misleading-indentation -Wno-quoted-include-in-framework-header -Wno-implicit-fallthrough -Wno-enum-enum-conversion -Wno-enum-float-conversion -Wno-elaborated-enum-base -Wno-reserved-identifier -Wno-gnu-folding-constant -Wno-cast-function-type -Wno-bitwise-instead-of-logical -fdeprecated-macro -fdebug-compilation-dir=/Users/zacharylineman/Developer/GitHub/Hephaestus/Games/GameOfLife/build/CMakeFiles/CMakeTmp -ferror-limit 19 -stack-protector 1 -fstack-check -mdarwin-stkchk-strong-link -fblocks -fencode-extended-block-signature -fregister-global-dtors-with-atexit -fgnuc-version=4.2.1 -fno-cxx-modules -fcxx-exceptions -fexceptions -fmax-type-align=16 -fcommon -clang-vendor-feature=+messageToSelfInClassMethodIdReturnType -clang-vendor-feature=+disableInferNewAvailabilityFromInit -clang-vendor-feature=+disableNonDependentMemberExprInCurrentInstantiation -fno-odr-hash-protocols -clang-vendor-feature=+enableAggressiveVLAFolding -clang-vendor-feature=+revert09abecef7bbf -clang-vendor-feature=+thisNoAlignAttr -clang-vendor-feature=+thisNoNullAttr -mllvm -disable-aligned-alloc-awareness=1 -D__GCC_HAVE_DWARF2_CFI_ASM=1 -o CMakeFiles/cmTC_319e7.dir/CMakeCXXCompilerABI.cpp.o -x c++ "/Users/zacharylineman/Library/Application Support/JetBrains/Toolbox/apps/CLion/ch-0/222.4167.35/CLion.app/Contents/bin/cmake/mac/share/cmake-3.23/Modules/CMakeCXXCompilerABI.cpp"]
  ignore line: [clang -cc1 version 14.0.0 (clang-1400.0.29.102) default target arm64-apple-darwin21.6.0]
  ignore line: [ignoring nonexistent directory "/Applications/Xcode-14.0.1.app/Contents/Developer/Platforms/MacOSX.platform/Developer/SDKs/MacOSX12.3.sdk/usr/local/include"]
  ignore line: [ignoring nonexistent directory "/Applications/Xcode-14.0.1.app/Contents/Developer/Platforms/MacOSX.platform/Developer/SDKs/MacOSX12.3.sdk/Library/Frameworks"]
  ignore line: [#include "..." search starts here:]
  ignore line: [#include <...> search starts here:]
  ignore line: [ /Applications/Xcode-14.0.1.app/Contents/Developer/Platforms/MacOSX.platform/Developer/SDKs/MacOSX12.3.sdk/usr/include/c++/v1]
  ignore line: [ /Applications/Xcode-14.0.1.app/Contents/Developer/Toolchains/XcodeDefault.xctoolchain/usr/lib/clang/14.0.0/include]
  ignore line: [ /Applications/Xcode-14.0.1.app/Contents/Developer/Platforms/MacOSX.platform/Developer/SDKs/MacOSX12.3.sdk/usr/include]
  ignore line: [ /Applications/Xcode-14.0.1.app/Contents/Developer/Toolchains/XcodeDefault.xctoolchain/usr/include]
  ignore line: [ /Applications/Xcode-14.0.1.app/Contents/Developer/Platforms/MacOSX.platform/Developer/SDKs/MacOSX12.3.sdk/System/Library/Frameworks (framework directory)]
  ignore line: [End of search list.]
  ignore line: [Linking CXX executable cmTC_319e7]
  ignore line: ["/Users/zacharylineman/Library/Application Support/JetBrains/Toolbox/apps/CLion/ch-0/222.4167.35/CLion.app/Contents/bin/cmake/mac/bin/cmake" -E cmake_link_script CMakeFiles/cmTC_319e7.dir/link.txt --verbose=1]
  ignore line: [/Applications/Xcode-14.0.1.app/Contents/Developer/Toolchains/XcodeDefault.xctoolchain/usr/bin/c++  -arch arm64 -isysroot /Applications/Xcode-14.0.1.app/Contents/Developer/Platforms/MacOSX.platform/Developer/SDKs/MacOSX12.3.sdk -Wl -search_paths_first -Wl -headerpad_max_install_names  -v -Wl -v CMakeFiles/cmTC_319e7.dir/CMakeCXXCompilerABI.cpp.o -o cmTC_319e7 ]
  ignore line: [Apple clang version 14.0.0 (clang-1400.0.29.102)]
  ignore line: [Target: arm64-apple-darwin21.6.0]
  ignore line: [Thread model: posix]
  ignore line: [InstalledDir: /Applications/Xcode-14.0.1.app/Contents/Developer/Toolchains/XcodeDefault.xctoolchain/usr/bin]
  link line: [ "/Applications/Xcode-14.0.1.app/Contents/Developer/Toolchains/XcodeDefault.xctoolchain/usr/bin/ld" -demangle -lto_library /Applications/Xcode-14.0.1.app/Contents/Developer/Toolchains/XcodeDefault.xctoolchain/usr/lib/libLTO.dylib -dynamic -arch arm64 -platform_version macos 12.0.0 12.3 -syslibroot /Applications/Xcode-14.0.1.app/Contents/Developer/Platforms/MacOSX.platform/Developer/SDKs/MacOSX12.3.sdk -o cmTC_319e7 -search_paths_first -headerpad_max_install_names -v CMakeFiles/cmTC_319e7.dir/CMakeCXXCompilerABI.cpp.o -lc++ -lSystem /Applications/Xcode-14.0.1.app/Contents/Developer/Toolchains/XcodeDefault.xctoolchain/usr/lib/clang/14.0.0/lib/darwin/libclang_rt.osx.a]
    arg [/Applications/Xcode-14.0.1.app/Contents/Developer/Toolchains/XcodeDefault.xctoolchain/usr/bin/ld] ==> ignore
    arg [-demangle] ==> ignore
    arg [-lto_library] ==> ignore, skip following value
    arg [/Applications/Xcode-14.0.1.app/Contents/Developer/Toolchains/XcodeDefault.xctoolchain/usr/lib/libLTO.dylib] ==> skip value of -lto_library
    arg [-dynamic] ==> ignore
    arg [-arch] ==> ignore
    arg [arm64] ==> ignore
    arg [-platform_version] ==> ignore
    arg [macos] ==> ignore
    arg [12.0.0] ==> ignore
    arg [12.3] ==> ignore
    arg [-syslibroot] ==> ignore
    arg [/Applications/Xcode-14.0.1.app/Contents/Developer/Platforms/MacOSX.platform/Developer/SDKs/MacOSX12.3.sdk] ==> ignore
    arg [-o] ==> ignore
    arg [cmTC_319e7] ==> ignore
    arg [-search_paths_first] ==> ignore
    arg [-headerpad_max_install_names] ==> ignore
    arg [-v] ==> ignore
    arg [CMakeFiles/cmTC_319e7.dir/CMakeCXXCompilerABI.cpp.o] ==> ignore
    arg [-lc++] ==> lib [c++]
    arg [-lSystem] ==> lib [System]
    arg [/Applications/Xcode-14.0.1.app/Contents/Developer/Toolchains/XcodeDefault.xctoolchain/usr/lib/clang/14.0.0/lib/darwin/libclang_rt.osx.a] ==> lib [/Applications/Xcode-14.0.1.app/Contents/Developer/Toolchains/XcodeDefault.xctoolchain/usr/lib/clang/14.0.0/lib/darwin/libclang_rt.osx.a]
  Library search paths: [;/Applications/Xcode-14.0.1.app/Contents/Developer/Platforms/MacOSX.platform/Developer/SDKs/MacOSX12.3.sdk/usr/lib]
  Framework search paths: [;/Applications/Xcode-14.0.1.app/Contents/Developer/Platforms/MacOSX.platform/Developer/SDKs/MacOSX12.3.sdk/System/Library/Frameworks/]
  remove lib [System]
  remove lib [/Applications/Xcode-14.0.1.app/Contents/Developer/Toolchains/XcodeDefault.xctoolchain/usr/lib/clang/14.0.0/lib/darwin/libclang_rt.osx.a]
  collapse library dir [/Applications/Xcode-14.0.1.app/Contents/Developer/Platforms/MacOSX.platform/Developer/SDKs/MacOSX12.3.sdk/usr/lib] ==> [/Applications/Xcode-14.0.1.app/Contents/Developer/Platforms/MacOSX.platform/Developer/SDKs/MacOSX12.3.sdk/usr/lib]
  collapse framework dir [/Applications/Xcode-14.0.1.app/Contents/Developer/Platforms/MacOSX.platform/Developer/SDKs/MacOSX12.3.sdk/System/Library/Frameworks/] ==> [/Applications/Xcode-14.0.1.app/Contents/Developer/Platforms/MacOSX.platform/Developer/SDKs/MacOSX12.3.sdk/System/Library/Frameworks]
  implicit libs: [c++]
  implicit objs: []
  implicit dirs: [/Applications/Xcode-14.0.1.app/Contents/Developer/Platforms/MacOSX.platform/Developer/SDKs/MacOSX12.3.sdk/usr/lib]
  implicit fwks: [/Applications/Xcode-14.0.1.app/Contents/Developer/Platforms/MacOSX.platform/Developer/SDKs/MacOSX12.3.sdk/System/Library/Frameworks]


Determining if the posix_memalign exist passed with the following output:
Change Dir: /Users/zacharylineman/Developer/GitHub/Hephaestus/Games/GameOfLife/build/CMakeFiles/CMakeTmp

Run Build Command(s):/usr/bin/make -f Makefile cmTC_02e2e/fast && /Applications/Xcode-14.0.1.app/Contents/Developer/usr/bin/make  -f CMakeFiles/cmTC_02e2e.dir/build.make CMakeFiles/cmTC_02e2e.dir/build
Building C object CMakeFiles/cmTC_02e2e.dir/CheckSymbolExists.c.o
/Applications/Xcode-14.0.1.app/Contents/Developer/Toolchains/XcodeDefault.xctoolchain/usr/bin/cc   -arch arm64 -isysroot /Applications/Xcode-14.0.1.app/Contents/Developer/Platforms/MacOSX.platform/Developer/SDKs/MacOSX12.3.sdk -MD -MT CMakeFiles/cmTC_02e2e.dir/CheckSymbolExists.c.o -MF CMakeFiles/cmTC_02e2e.dir/CheckSymbolExists.c.o.d -o CMakeFiles/cmTC_02e2e.dir/CheckSymbolExists.c.o -c /Users/zacharylineman/Developer/GitHub/Hephaestus/Games/GameOfLife/build/CMakeFiles/CMakeTmp/CheckSymbolExists.c
Linking C executable cmTC_02e2e
"/Users/zacharylineman/Library/Application Support/JetBrains/Toolbox/apps/CLion/ch-0/222.4167.35/CLion.app/Contents/bin/cmake/mac/bin/cmake" -E cmake_link_script CMakeFiles/cmTC_02e2e.dir/link.txt --verbose=1
/Applications/Xcode-14.0.1.app/Contents/Developer/Toolchains/XcodeDefault.xctoolchain/usr/bin/cc  -arch arm64 -isysroot /Applications/Xcode-14.0.1.app/Contents/Developer/Platforms/MacOSX.platform/Developer/SDKs/MacOSX12.3.sdk -Wl,-search_paths_first -Wl,-headerpad_max_install_names CMakeFiles/cmTC_02e2e.dir/CheckSymbolExists.c.o -o cmTC_02e2e 


File /Users/zacharylineman/Developer/GitHub/Hephaestus/Games/GameOfLife/build/CMakeFiles/CMakeTmp/CheckSymbolExists.c:
/* */
#include <stdlib.h>

int main(int argc, char** argv)
{
  (void)argv;
#ifndef posix_memalign
  return ((int*)(&posix_memalign))[argc];
#else
  (void)argc;
  return 0;
#endif
}
Performing C++ SOURCE FILE Test HAVE___RESTRICT succeeded with the following output:
Change Dir: /Users/zacharylineman/Developer/GitHub/Hephaestus/Games/GameOfLife/build/CMakeFiles/CMakeTmp

Run Build Command(s):/usr/bin/make -f Makefile cmTC_b38ae/fast && /Applications/Xcode-14.0.1.app/Contents/Developer/usr/bin/make  -f CMakeFiles/cmTC_b38ae.dir/build.make CMakeFiles/cmTC_b38ae.dir/build
Building CXX object CMakeFiles/cmTC_b38ae.dir/src.cxx.o
/Applications/Xcode-14.0.1.app/Contents/Developer/Toolchains/XcodeDefault.xctoolchain/usr/bin/c++ -DHAVE___RESTRICT  -arch arm64 -isysroot /Applications/Xcode-14.0.1.app/Contents/Developer/Platforms/MacOSX.platform/Developer/SDKs/MacOSX12.3.sdk -MD -MT CMakeFiles/cmTC_b38ae.dir/src.cxx.o -MF CMakeFiles/cmTC_b38ae.dir/src.cxx.o.d -o CMakeFiles/cmTC_b38ae.dir/src.cxx.o -c /Users/zacharylineman/Developer/GitHub/Hephaestus/Games/GameOfLife/build/CMakeFiles/CMakeTmp/src.cxx
Linking CXX executable cmTC_b38ae
"/Users/zacharylineman/Library/Application Support/JetBrains/Toolbox/apps/CLion/ch-0/222.4167.35/CLion.app/Contents/bin/cmake/mac/bin/cmake" -E cmake_link_script CMakeFiles/cmTC_b38ae.dir/link.txt --verbose=1
/Applications/Xcode-14.0.1.app/Contents/Developer/Toolchains/XcodeDefault.xctoolchain/usr/bin/c++  -arch arm64 -isysroot /Applications/Xcode-14.0.1.app/Contents/Developer/Platforms/MacOSX.platform/Developer/SDKs/MacOSX12.3.sdk -Wl,-search_paths_first -Wl,-headerpad_max_install_names CMakeFiles/cmTC_b38ae.dir/src.cxx.o -o cmTC_b38ae 


Source file was:
int *__restrict foo;
int main() { return 0; }
Performing C SOURCE FILE Test HAVE_FNO_MATH_ERRNO succeeded with the following output:
Change Dir: /Users/zacharylineman/Developer/GitHub/Hephaestus/Games/GameOfLife/build/CMakeFiles/CMakeTmp

Run Build Command(s):/usr/bin/make -f Makefile cmTC_53d8b/fast && /Applications/Xcode-14.0.1.app/Contents/Developer/usr/bin/make  -f CMakeFiles/cmTC_53d8b.dir/build.make CMakeFiles/cmTC_53d8b.dir/build
Building C object CMakeFiles/cmTC_53d8b.dir/src.c.o
/Applications/Xcode-14.0.1.app/Contents/Developer/Toolchains/XcodeDefault.xctoolchain/usr/bin/cc -DHAVE_FNO_MATH_ERRNO  -arch arm64 -isysroot /Applications/Xcode-14.0.1.app/Contents/Developer/Platforms/MacOSX.platform/Developer/SDKs/MacOSX12.3.sdk   -fno-math-errno -MD -MT CMakeFiles/cmTC_53d8b.dir/src.c.o -MF CMakeFiles/cmTC_53d8b.dir/src.c.o.d -o CMakeFiles/cmTC_53d8b.dir/src.c.o -c /Users/zacharylineman/Developer/GitHub/Hephaestus/Games/GameOfLife/build/CMakeFiles/CMakeTmp/src.c
Linking C executable cmTC_53d8b
"/Users/zacharylineman/Library/Application Support/JetBrains/Toolbox/apps/CLion/ch-0/222.4167.35/CLion.app/Contents/bin/cmake/mac/bin/cmake" -E cmake_link_script CMakeFiles/cmTC_53d8b.dir/link.txt --verbose=1
/Applications/Xcode-14.0.1.app/Contents/Developer/Toolchains/XcodeDefault.xctoolchain/usr/bin/cc  -arch arm64 -isysroot /Applications/Xcode-14.0.1.app/Contents/Developer/Platforms/MacOSX.platform/Developer/SDKs/MacOSX12.3.sdk -Wl,-search_paths_first -Wl,-headerpad_max_install_names CMakeFiles/cmTC_53d8b.dir/src.c.o -o cmTC_53d8b 


Source file was:
int main(void) { return 0; }
Performing C SOURCE FILE Test HAVE_GCC_DEFAULT_VISIBILITY succeeded with the following output:
Change Dir: /Users/zacharylineman/Developer/GitHub/Hephaestus/Games/GameOfLife/build/CMakeFiles/CMakeTmp

Run Build Command(s):/usr/bin/make -f Makefile cmTC_73cb0/fast && /Applications/Xcode-14.0.1.app/Contents/Developer/usr/bin/make  -f CMakeFiles/cmTC_73cb0.dir/build.make CMakeFiles/cmTC_73cb0.dir/build
Building C object CMakeFiles/cmTC_73cb0.dir/src.c.o
/Applications/Xcode-14.0.1.app/Contents/Developer/Toolchains/XcodeDefault.xctoolchain/usr/bin/cc -DHAVE_GCC_DEFAULT_VISIBILITY  -Wattributes -Werror -arch arm64 -isysroot /Applications/Xcode-14.0.1.app/Contents/Developer/Platforms/MacOSX.platform/Developer/SDKs/MacOSX12.3.sdk -MD -MT CMakeFiles/cmTC_73cb0.dir/src.c.o -MF CMakeFiles/cmTC_73cb0.dir/src.c.o.d -o CMakeFiles/cmTC_73cb0.dir/src.c.o -c /Users/zacharylineman/Developer/GitHub/Hephaestus/Games/GameOfLife/build/CMakeFiles/CMakeTmp/src.c
Linking C executable cmTC_73cb0
"/Users/zacharylineman/Library/Application Support/JetBrains/Toolbox/apps/CLion/ch-0/222.4167.35/CLion.app/Contents/bin/cmake/mac/bin/cmake" -E cmake_link_script CMakeFiles/cmTC_73cb0.dir/link.txt --verbose=1
/Applications/Xcode-14.0.1.app/Contents/Developer/Toolchains/XcodeDefault.xctoolchain/usr/bin/cc   -Wattributes -Werror -arch arm64 -isysroot /Applications/Xcode-14.0.1.app/Contents/Developer/Platforms/MacOSX.platform/Developer/SDKs/MacOSX12.3.sdk -Wl,-search_paths_first -Wl,-headerpad_max_install_names CMakeFiles/cmTC_73cb0.dir/src.c.o -o cmTC_73cb0 


Source file was:
int foo() __attribute__((visibility("default")));
                                 int main() {return 0;}
Performing C SOURCE FILE Test HAVE_VISIBILITY_HIDDEN_SWITCH succeeded with the following output:
Change Dir: /Users/zacharylineman/Developer/GitHub/Hephaestus/Games/GameOfLife/build/CMakeFiles/CMakeTmp

Run Build Command(s):/usr/bin/make -f Makefile cmTC_93931/fast && /Applications/Xcode-14.0.1.app/Contents/Developer/usr/bin/make  -f CMakeFiles/cmTC_93931.dir/build.make CMakeFiles/cmTC_93931.dir/build
Building C object CMakeFiles/cmTC_93931.dir/src.c.o
/Applications/Xcode-14.0.1.app/Contents/Developer/Toolchains/XcodeDefault.xctoolchain/usr/bin/cc -DHAVE_VISIBILITY_HIDDEN_SWITCH  -Wattributes -Werror -arch arm64 -isysroot /Applications/Xcode-14.0.1.app/Contents/Developer/Platforms/MacOSX.platform/Developer/SDKs/MacOSX12.3.sdk   -fvisibility=hidden -MD -MT CMakeFiles/cmTC_93931.dir/src.c.o -MF CMakeFiles/cmTC_93931.dir/src.c.o.d -o CMakeFiles/cmTC_93931.dir/src.c.o -c /Users/zacharylineman/Developer/GitHub/Hephaestus/Games/GameOfLife/build/CMakeFiles/CMakeTmp/src.c
Linking C executable cmTC_93931
"/Users/zacharylineman/Library/Application Support/JetBrains/Toolbox/apps/CLion/ch-0/222.4167.35/CLion.app/Contents/bin/cmake/mac/bin/cmake" -E cmake_link_script CMakeFiles/cmTC_93931.dir/link.txt --verbose=1
/Applications/Xcode-14.0.1.app/Contents/Developer/Toolchains/XcodeDefault.xctoolchain/usr/bin/cc   -Wattributes -Werror -arch arm64 -isysroot /Applications/Xcode-14.0.1.app/Contents/Developer/Platforms/MacOSX.platform/Developer/SDKs/MacOSX12.3.sdk -Wl,-search_paths_first -Wl,-headerpad_max_install_names CMakeFiles/cmTC_93931.dir/src.c.o -o cmTC_93931 


Source file was:
int main(void) { return 0; }
Determining if the include file arm_neon.h exists passed with the following output:
Change Dir: /Users/zacharylineman/Developer/GitHub/Hephaestus/Games/GameOfLife/build/CMakeFiles/CMakeTmp

Run Build Command(s):/usr/bin/make -f Makefile cmTC_ce404/fast && /Applications/Xcode-14.0.1.app/Contents/Developer/usr/bin/make  -f CMakeFiles/cmTC_ce404.dir/build.make CMakeFiles/cmTC_ce404.dir/build
Building C object CMakeFiles/cmTC_ce404.dir/CheckIncludeFile.c.o
/Applications/Xcode-14.0.1.app/Contents/Developer/Toolchains/XcodeDefault.xctoolchain/usr/bin/cc   -arch arm64 -isysroot /Applications/Xcode-14.0.1.app/Contents/Developer/Platforms/MacOSX.platform/Developer/SDKs/MacOSX12.3.sdk -MD -MT CMakeFiles/cmTC_ce404.dir/CheckIncludeFile.c.o -MF CMakeFiles/cmTC_ce404.dir/CheckIncludeFile.c.o.d -o CMakeFiles/cmTC_ce404.dir/CheckIncludeFile.c.o -c /Users/zacharylineman/Developer/GitHub/Hephaestus/Games/GameOfLife/build/CMakeFiles/CMakeTmp/CheckIncludeFile.c
Linking C executable cmTC_ce404
"/Users/zacharylineman/Library/Application Support/JetBrains/Toolbox/apps/CLion/ch-0/222.4167.35/CLion.app/Contents/bin/cmake/mac/bin/cmake" -E cmake_link_script CMakeFiles/cmTC_ce404.dir/link.txt --verbose=1
/Applications/Xcode-14.0.1.app/Contents/Developer/Toolchains/XcodeDefault.xctoolchain/usr/bin/cc  -arch arm64 -isysroot /Applications/Xcode-14.0.1.app/Contents/Developer/Platforms/MacOSX.platform/Developer/SDKs/MacOSX12.3.sdk -Wl,-search_paths_first -Wl,-headerpad_max_install_names CMakeFiles/cmTC_ce404.dir/CheckIncludeFile.c.o -o cmTC_ce404 



Performing C SOURCE FILE Test HAVE_NEON_INTRINSICS succeeded with the following output:
Change Dir: /Users/zacharylineman/Developer/GitHub/Hephaestus/Games/GameOfLife/build/CMakeFiles/CMakeTmp

Run Build Command(s):/usr/bin/make -f Makefile cmTC_5f24f/fast && /Applications/Xcode-14.0.1.app/Contents/Developer/usr/bin/make  -f CMakeFiles/cmTC_5f24f.dir/build.make CMakeFiles/cmTC_5f24f.dir/build
Building C object CMakeFiles/cmTC_5f24f.dir/src.c.o
/Applications/Xcode-14.0.1.app/Contents/Developer/Toolchains/XcodeDefault.xctoolchain/usr/bin/cc -DHAVE_NEON_INTRINSICS  -arch arm64 -isysroot /Applications/Xcode-14.0.1.app/Contents/Developer/Platforms/MacOSX.platform/Developer/SDKs/MacOSX12.3.sdk -MD -MT CMakeFiles/cmTC_5f24f.dir/src.c.o -MF CMakeFiles/cmTC_5f24f.dir/src.c.o.d -o CMakeFiles/cmTC_5f24f.dir/src.c.o -c /Users/zacharylineman/Developer/GitHub/Hephaestus/Games/GameOfLife/build/CMakeFiles/CMakeTmp/src.c
Linking C executable cmTC_5f24f
"/Users/zacharylineman/Library/Application Support/JetBrains/Toolbox/apps/CLion/ch-0/222.4167.35/CLion.app/Contents/bin/cmake/mac/bin/cmake" -E cmake_link_script CMakeFiles/cmTC_5f24f.dir/link.txt --verbose=1
/Applications/Xcode-14.0.1.app/Contents/Developer/Toolchains/XcodeDefault.xctoolchain/usr/bin/cc  -arch arm64 -isysroot /Applications/Xcode-14.0.1.app/Contents/Developer/Platforms/MacOSX.platform/Developer/SDKs/MacOSX12.3.sdk -Wl,-search_paths_first -Wl,-headerpad_max_install_names CMakeFiles/cmTC_5f24f.dir/src.c.o -o cmTC_5f24f 


Source file was:
#include <arm_neon.h>
            int main()
            {
                int32x4_t ret4 = vdupq_n_s32(0);
                return vgetq_lane_s32(ret4, 0);
            }
Determining if the function pow exists in the m passed with the following output:
Change Dir: /Users/zacharylineman/Developer/GitHub/Hephaestus/Games/GameOfLife/build/CMakeFiles/CMakeTmp

Run Build Command(s):/usr/bin/make -f Makefile cmTC_9837f/fast && /Applications/Xcode-14.0.1.app/Contents/Developer/usr/bin/make  -f CMakeFiles/cmTC_9837f.dir/build.make CMakeFiles/cmTC_9837f.dir/build
Building C object CMakeFiles/cmTC_9837f.dir/CheckFunctionExists.c.o
/Applications/Xcode-14.0.1.app/Contents/Developer/Toolchains/XcodeDefault.xctoolchain/usr/bin/cc   -DCHECK_FUNCTION_EXISTS=pow -arch arm64 -isysroot /Applications/Xcode-14.0.1.app/Contents/Developer/Platforms/MacOSX.platform/Developer/SDKs/MacOSX12.3.sdk -MD -MT CMakeFiles/cmTC_9837f.dir/CheckFunctionExists.c.o -MF CMakeFiles/cmTC_9837f.dir/CheckFunctionExists.c.o.d -o CMakeFiles/cmTC_9837f.dir/CheckFunctionExists.c.o -c "/Users/zacharylineman/Library/Application Support/JetBrains/Toolbox/apps/CLion/ch-0/222.4167.35/CLion.app/Contents/bin/cmake/mac/share/cmake-3.23/Modules/CheckFunctionExists.c"
/Users/zacharylineman/Library/Application Support/JetBrains/Toolbox/apps/CLion/ch-0/222.4167.35/CLion.app/Contents/bin/cmake/mac/share/cmake-3.23/Modules/CheckFunctionExists.c:7:3: warning: incompatible redeclaration of library function 'pow' [-Wincompatible-library-redeclaration]
  CHECK_FUNCTION_EXISTS(void);
  ^
<command line>:1:31: note: expanded from here
#define CHECK_FUNCTION_EXISTS pow
                              ^
/Users/zacharylineman/Library/Application Support/JetBrains/Toolbox/apps/CLion/ch-0/222.4167.35/CLion.app/Contents/bin/cmake/mac/share/cmake-3.23/Modules/CheckFunctionExists.c:7:3: note: 'pow' is a builtin with type 'double (double, double)'
<command line>:1:31: note: expanded from here
#define CHECK_FUNCTION_EXISTS pow
                              ^
1 warning generated.
Linking C executable cmTC_9837f
"/Users/zacharylineman/Library/Application Support/JetBrains/Toolbox/apps/CLion/ch-0/222.4167.35/CLion.app/Contents/bin/cmake/mac/bin/cmake" -E cmake_link_script CMakeFiles/cmTC_9837f.dir/link.txt --verbose=1
/Applications/Xcode-14.0.1.app/Contents/Developer/Toolchains/XcodeDefault.xctoolchain/usr/bin/cc  -DCHECK_FUNCTION_EXISTS=pow -arch arm64 -isysroot /Applications/Xcode-14.0.1.app/Contents/Developer/Platforms/MacOSX.platform/Developer/SDKs/MacOSX12.3.sdk -Wl,-search_paths_first -Wl,-headerpad_max_install_names CMakeFiles/cmTC_9837f.dir/CheckFunctionExists.c.o -o cmTC_9837f  -lm 



Determining if the include file dlfcn.h exists passed with the following output:
Change Dir: /Users/zacharylineman/Developer/GitHub/Hephaestus/Games/GameOfLife/build/CMakeFiles/CMakeTmp

Run Build Command(s):/usr/bin/make -f Makefile cmTC_6098e/fast && /Applications/Xcode-14.0.1.app/Contents/Developer/usr/bin/make  -f CMakeFiles/cmTC_6098e.dir/build.make CMakeFiles/cmTC_6098e.dir/build
Building C object CMakeFiles/cmTC_6098e.dir/CheckIncludeFile.c.o
/Applications/Xcode-14.0.1.app/Contents/Developer/Toolchains/XcodeDefault.xctoolchain/usr/bin/cc   -arch arm64 -isysroot /Applications/Xcode-14.0.1.app/Contents/Developer/Platforms/MacOSX.platform/Developer/SDKs/MacOSX12.3.sdk -MD -MT CMakeFiles/cmTC_6098e.dir/CheckIncludeFile.c.o -MF CMakeFiles/cmTC_6098e.dir/CheckIncludeFile.c.o.d -o CMakeFiles/cmTC_6098e.dir/CheckIncludeFile.c.o -c /Users/zacharylineman/Developer/GitHub/Hephaestus/Games/GameOfLife/build/CMakeFiles/CMakeTmp/CheckIncludeFile.c
Linking C executable cmTC_6098e
"/Users/zacharylineman/Library/Application Support/JetBrains/Toolbox/apps/CLion/ch-0/222.4167.35/CLion.app/Contents/bin/cmake/mac/bin/cmake" -E cmake_link_script CMakeFiles/cmTC_6098e.dir/link.txt --verbose=1
/Applications/Xcode-14.0.1.app/Contents/Developer/Toolchains/XcodeDefault.xctoolchain/usr/bin/cc  -arch arm64 -isysroot /Applications/Xcode-14.0.1.app/Contents/Developer/Platforms/MacOSX.platform/Developer/SDKs/MacOSX12.3.sdk -Wl,-search_paths_first -Wl,-headerpad_max_install_names CMakeFiles/cmTC_6098e.dir/CheckIncludeFile.c.o -o cmTC_6098e  -lm 



Determining if the function dlopen exists in the dl passed with the following output:
Change Dir: /Users/zacharylineman/Developer/GitHub/Hephaestus/Games/GameOfLife/build/CMakeFiles/CMakeTmp

Run Build Command(s):/usr/bin/make -f Makefile cmTC_c66eb/fast && /Applications/Xcode-14.0.1.app/Contents/Developer/usr/bin/make  -f CMakeFiles/cmTC_c66eb.dir/build.make CMakeFiles/cmTC_c66eb.dir/build
Building C object CMakeFiles/cmTC_c66eb.dir/CheckFunctionExists.c.o
/Applications/Xcode-14.0.1.app/Contents/Developer/Toolchains/XcodeDefault.xctoolchain/usr/bin/cc   -DCHECK_FUNCTION_EXISTS=dlopen -arch arm64 -isysroot /Applications/Xcode-14.0.1.app/Contents/Developer/Platforms/MacOSX.platform/Developer/SDKs/MacOSX12.3.sdk -MD -MT CMakeFiles/cmTC_c66eb.dir/CheckFunctionExists.c.o -MF CMakeFiles/cmTC_c66eb.dir/CheckFunctionExists.c.o.d -o CMakeFiles/cmTC_c66eb.dir/CheckFunctionExists.c.o -c "/Users/zacharylineman/Library/Application Support/JetBrains/Toolbox/apps/CLion/ch-0/222.4167.35/CLion.app/Contents/bin/cmake/mac/share/cmake-3.23/Modules/CheckFunctionExists.c"
Linking C executable cmTC_c66eb
"/Users/zacharylineman/Library/Application Support/JetBrains/Toolbox/apps/CLion/ch-0/222.4167.35/CLion.app/Contents/bin/cmake/mac/bin/cmake" -E cmake_link_script CMakeFiles/cmTC_c66eb.dir/link.txt --verbose=1
/Applications/Xcode-14.0.1.app/Contents/Developer/Toolchains/XcodeDefault.xctoolchain/usr/bin/cc  -DCHECK_FUNCTION_EXISTS=dlopen -arch arm64 -isysroot /Applications/Xcode-14.0.1.app/Contents/Developer/Platforms/MacOSX.platform/Developer/SDKs/MacOSX12.3.sdk -Wl,-search_paths_first -Wl,-headerpad_max_install_names CMakeFiles/cmTC_c66eb.dir/CheckFunctionExists.c.o -o cmTC_c66eb  -ldl -lm 



Determining if the posix_memalign exist passed with the following output:
Change Dir: /Users/zacharylineman/Developer/GitHub/Hephaestus/Games/GameOfLife/build/CMakeFiles/CMakeTmp

Run Build Command(s):/usr/bin/make -f Makefile cmTC_7e45b/fast && /Applications/Xcode-14.0.1.app/Contents/Developer/usr/bin/make  -f CMakeFiles/cmTC_7e45b.dir/build.make CMakeFiles/cmTC_7e45b.dir/build
Building C object CMakeFiles/cmTC_7e45b.dir/CheckSymbolExists.c.o
/Applications/Xcode-14.0.1.app/Contents/Developer/Toolchains/XcodeDefault.xctoolchain/usr/bin/cc   -arch arm64 -isysroot /Applications/Xcode-14.0.1.app/Contents/Developer/Platforms/MacOSX.platform/Developer/SDKs/MacOSX12.3.sdk -MD -MT CMakeFiles/cmTC_7e45b.dir/CheckSymbolExists.c.o -MF CMakeFiles/cmTC_7e45b.dir/CheckSymbolExists.c.o.d -o CMakeFiles/cmTC_7e45b.dir/CheckSymbolExists.c.o -c /Users/zacharylineman/Developer/GitHub/Hephaestus/Games/GameOfLife/build/CMakeFiles/CMakeTmp/CheckSymbolExists.c
Linking C executable cmTC_7e45b
"/Users/zacharylineman/Library/Application Support/JetBrains/Toolbox/apps/CLion/ch-0/222.4167.35/CLion.app/Contents/bin/cmake/mac/bin/cmake" -E cmake_link_script CMakeFiles/cmTC_7e45b.dir/link.txt --verbose=1
/Applications/Xcode-14.0.1.app/Contents/Developer/Toolchains/XcodeDefault.xctoolchain/usr/bin/cc  -arch arm64 -isysroot /Applications/Xcode-14.0.1.app/Contents/Developer/Platforms/MacOSX.platform/Developer/SDKs/MacOSX12.3.sdk -Wl,-search_paths_first -Wl,-headerpad_max_install_names CMakeFiles/cmTC_7e45b.dir/CheckSymbolExists.c.o -o cmTC_7e45b  -lm -ldl 


File /Users/zacharylineman/Developer/GitHub/Hephaestus/Games/GameOfLife/build/CMakeFiles/CMakeTmp/CheckSymbolExists.c:
/* */
#include <stdlib.h>

int main(int argc, char** argv)
{
  (void)argv;
#ifndef posix_memalign
  return ((int*)(&posix_memalign))[argc];
#else
  (void)argc;
  return 0;
#endif
}
Determining if the proc_pidpath exist passed with the following output:
Change Dir: /Users/zacharylineman/Developer/GitHub/Hephaestus/Games/GameOfLife/build/CMakeFiles/CMakeTmp

Run Build Command(s):/usr/bin/make -f Makefile cmTC_b3487/fast && /Applications/Xcode-14.0.1.app/Contents/Developer/usr/bin/make  -f CMakeFiles/cmTC_b3487.dir/build.make CMakeFiles/cmTC_b3487.dir/build
Building C object CMakeFiles/cmTC_b3487.dir/CheckSymbolExists.c.o
/Applications/Xcode-14.0.1.app/Contents/Developer/Toolchains/XcodeDefault.xctoolchain/usr/bin/cc   -arch arm64 -isysroot /Applications/Xcode-14.0.1.app/Contents/Developer/Platforms/MacOSX.platform/Developer/SDKs/MacOSX12.3.sdk -MD -MT CMakeFiles/cmTC_b3487.dir/CheckSymbolExists.c.o -MF CMakeFiles/cmTC_b3487.dir/CheckSymbolExists.c.o.d -o CMakeFiles/cmTC_b3487.dir/CheckSymbolExists.c.o -c /Users/zacharylineman/Developer/GitHub/Hephaestus/Games/GameOfLife/build/CMakeFiles/CMakeTmp/CheckSymbolExists.c
Linking C executable cmTC_b3487
"/Users/zacharylineman/Library/Application Support/JetBrains/Toolbox/apps/CLion/ch-0/222.4167.35/CLion.app/Contents/bin/cmake/mac/bin/cmake" -E cmake_link_script CMakeFiles/cmTC_b3487.dir/link.txt --verbose=1
/Applications/Xcode-14.0.1.app/Contents/Developer/Toolchains/XcodeDefault.xctoolchain/usr/bin/cc  -arch arm64 -isysroot /Applications/Xcode-14.0.1.app/Contents/Developer/Platforms/MacOSX.platform/Developer/SDKs/MacOSX12.3.sdk -Wl,-search_paths_first -Wl,-headerpad_max_install_names CMakeFiles/cmTC_b3487.dir/CheckSymbolExists.c.o -o cmTC_b3487  -lm -ldl 


File /Users/zacharylineman/Developer/GitHub/Hephaestus/Games/GameOfLife/build/CMakeFiles/CMakeTmp/CheckSymbolExists.c:
/* */
#include <libproc.h>

int main(int argc, char** argv)
{
  (void)argv;
#ifndef proc_pidpath
  return ((int*)(&proc_pidpath))[argc];
#else
  (void)argc;
  return 0;
#endif
}
Determining if the include file pthread.h exists passed with the following output:
Change Dir: /Users/zacharylineman/Developer/GitHub/Hephaestus/Games/GameOfLife/build/CMakeFiles/CMakeTmp

Run Build Command(s):/usr/bin/make -f Makefile cmTC_029f5/fast && /Applications/Xcode-14.0.1.app/Contents/Developer/usr/bin/make  -f CMakeFiles/cmTC_029f5.dir/build.make CMakeFiles/cmTC_029f5.dir/build
Building C object CMakeFiles/cmTC_029f5.dir/CheckIncludeFile.c.o
/Applications/Xcode-14.0.1.app/Contents/Developer/Toolchains/XcodeDefault.xctoolchain/usr/bin/cc   -arch arm64 -isysroot /Applications/Xcode-14.0.1.app/Contents/Developer/Platforms/MacOSX.platform/Developer/SDKs/MacOSX12.3.sdk -MD -MT CMakeFiles/cmTC_029f5.dir/CheckIncludeFile.c.o -MF CMakeFiles/cmTC_029f5.dir/CheckIncludeFile.c.o.d -o CMakeFiles/cmTC_029f5.dir/CheckIncludeFile.c.o -c /Users/zacharylineman/Developer/GitHub/Hephaestus/Games/GameOfLife/build/CMakeFiles/CMakeTmp/CheckIncludeFile.c
Linking C executable cmTC_029f5
"/Users/zacharylineman/Library/Application Support/JetBrains/Toolbox/apps/CLion/ch-0/222.4167.35/CLion.app/Contents/bin/cmake/mac/bin/cmake" -E cmake_link_script CMakeFiles/cmTC_029f5.dir/link.txt --verbose=1
/Applications/Xcode-14.0.1.app/Contents/Developer/Toolchains/XcodeDefault.xctoolchain/usr/bin/cc  -arch arm64 -isysroot /Applications/Xcode-14.0.1.app/Contents/Developer/Platforms/MacOSX.platform/Developer/SDKs/MacOSX12.3.sdk -Wl,-search_paths_first -Wl,-headerpad_max_install_names CMakeFiles/cmTC_029f5.dir/CheckIncludeFile.c.o -o cmTC_029f5  -lm -ldl 



Performing C SOURCE FILE Test HAVE_PTHREAD succeeded with the following output:
Change Dir: /Users/zacharylineman/Developer/GitHub/Hephaestus/Games/GameOfLife/build/CMakeFiles/CMakeTmp

Run Build Command(s):/usr/bin/make -f Makefile cmTC_3b7dd/fast && /Applications/Xcode-14.0.1.app/Contents/Developer/usr/bin/make  -f CMakeFiles/cmTC_3b7dd.dir/build.make CMakeFiles/cmTC_3b7dd.dir/build
Building C object CMakeFiles/cmTC_3b7dd.dir/src.c.o
/Applications/Xcode-14.0.1.app/Contents/Developer/Toolchains/XcodeDefault.xctoolchain/usr/bin/cc -DHAVE_PTHREAD  -arch arm64 -isysroot /Applications/Xcode-14.0.1.app/Contents/Developer/Platforms/MacOSX.platform/Developer/SDKs/MacOSX12.3.sdk   -pthread -MD -MT CMakeFiles/cmTC_3b7dd.dir/src.c.o -MF CMakeFiles/cmTC_3b7dd.dir/src.c.o.d -o CMakeFiles/cmTC_3b7dd.dir/src.c.o -c /Users/zacharylineman/Developer/GitHub/Hephaestus/Games/GameOfLife/build/CMakeFiles/CMakeTmp/src.c
Linking C executable cmTC_3b7dd
"/Users/zacharylineman/Library/Application Support/JetBrains/Toolbox/apps/CLion/ch-0/222.4167.35/CLion.app/Contents/bin/cmake/mac/bin/cmake" -E cmake_link_script CMakeFiles/cmTC_3b7dd.dir/link.txt --verbose=1
/Applications/Xcode-14.0.1.app/Contents/Developer/Toolchains/XcodeDefault.xctoolchain/usr/bin/cc  -arch arm64 -isysroot /Applications/Xcode-14.0.1.app/Contents/Developer/Platforms/MacOSX.platform/Developer/SDKs/MacOSX12.3.sdk -Wl,-search_paths_first -Wl,-headerpad_max_install_names CMakeFiles/cmTC_3b7dd.dir/src.c.o -o cmTC_3b7dd  -lm -ldl 


Source file was:
int main(void) { return 0; }
Determining if the pthread_setschedparam exist passed with the following output:
Change Dir: /Users/zacharylineman/Developer/GitHub/Hephaestus/Games/GameOfLife/build/CMakeFiles/CMakeTmp

Run Build Command(s):/usr/bin/make -f Makefile cmTC_0fda2/fast && /Applications/Xcode-14.0.1.app/Contents/Developer/usr/bin/make  -f CMakeFiles/cmTC_0fda2.dir/build.make CMakeFiles/cmTC_0fda2.dir/build
Building C object CMakeFiles/cmTC_0fda2.dir/CheckSymbolExists.c.o
/Applications/Xcode-14.0.1.app/Contents/Developer/Toolchains/XcodeDefault.xctoolchain/usr/bin/cc   -pthread -arch arm64 -isysroot /Applications/Xcode-14.0.1.app/Contents/Developer/Platforms/MacOSX.platform/Developer/SDKs/MacOSX12.3.sdk -MD -MT CMakeFiles/cmTC_0fda2.dir/CheckSymbolExists.c.o -MF CMakeFiles/cmTC_0fda2.dir/CheckSymbolExists.c.o.d -o CMakeFiles/cmTC_0fda2.dir/CheckSymbolExists.c.o -c /Users/zacharylineman/Developer/GitHub/Hephaestus/Games/GameOfLife/build/CMakeFiles/CMakeTmp/CheckSymbolExists.c
Linking C executable cmTC_0fda2
"/Users/zacharylineman/Library/Application Support/JetBrains/Toolbox/apps/CLion/ch-0/222.4167.35/CLion.app/Contents/bin/cmake/mac/bin/cmake" -E cmake_link_script CMakeFiles/cmTC_0fda2.dir/link.txt --verbose=1
/Applications/Xcode-14.0.1.app/Contents/Developer/Toolchains/XcodeDefault.xctoolchain/usr/bin/cc   -pthread -arch arm64 -isysroot /Applications/Xcode-14.0.1.app/Contents/Developer/Platforms/MacOSX.platform/Developer/SDKs/MacOSX12.3.sdk -Wl,-search_paths_first -Wl,-headerpad_max_install_names CMakeFiles/cmTC_0fda2.dir/CheckSymbolExists.c.o -o cmTC_0fda2  -lm -ldl 


File /Users/zacharylineman/Developer/GitHub/Hephaestus/Games/GameOfLife/build/CMakeFiles/CMakeTmp/CheckSymbolExists.c:
/* */
#include <pthread.h>

int main(int argc, char** argv)
{
  (void)argv;
#ifndef pthread_setschedparam
  return ((int*)(&pthread_setschedparam))[argc];
#else
  (void)argc;
  return 0;
#endif
}
Determining if the pthread_setname_np exist passed with the following output:
Change Dir: /Users/zacharylineman/Developer/GitHub/Hephaestus/Games/GameOfLife/build/CMakeFiles/CMakeTmp

Run Build Command(s):/usr/bin/make -f Makefile cmTC_16dfa/fast && /Applications/Xcode-14.0.1.app/Contents/Developer/usr/bin/make  -f CMakeFiles/cmTC_16dfa.dir/build.make CMakeFiles/cmTC_16dfa.dir/build
Building C object CMakeFiles/cmTC_16dfa.dir/CheckSymbolExists.c.o
/Applications/Xcode-14.0.1.app/Contents/Developer/Toolchains/XcodeDefault.xctoolchain/usr/bin/cc   -pthread -arch arm64 -isysroot /Applications/Xcode-14.0.1.app/Contents/Developer/Platforms/MacOSX.platform/Developer/SDKs/MacOSX12.3.sdk -MD -MT CMakeFiles/cmTC_16dfa.dir/CheckSymbolExists.c.o -MF CMakeFiles/cmTC_16dfa.dir/CheckSymbolExists.c.o.d -o CMakeFiles/cmTC_16dfa.dir/CheckSymbolExists.c.o -c /Users/zacharylineman/Developer/GitHub/Hephaestus/Games/GameOfLife/build/CMakeFiles/CMakeTmp/CheckSymbolExists.c
Linking C executable cmTC_16dfa
"/Users/zacharylineman/Library/Application Support/JetBrains/Toolbox/apps/CLion/ch-0/222.4167.35/CLion.app/Contents/bin/cmake/mac/bin/cmake" -E cmake_link_script CMakeFiles/cmTC_16dfa.dir/link.txt --verbose=1
/Applications/Xcode-14.0.1.app/Contents/Developer/Toolchains/XcodeDefault.xctoolchain/usr/bin/cc   -pthread -arch arm64 -isysroot /Applications/Xcode-14.0.1.app/Contents/Developer/Platforms/MacOSX.platform/Developer/SDKs/MacOSX12.3.sdk -Wl,-search_paths_first -Wl,-headerpad_max_install_names CMakeFiles/cmTC_16dfa.dir/CheckSymbolExists.c.o -o cmTC_16dfa  -lm -ldl 


File /Users/zacharylineman/Developer/GitHub/Hephaestus/Games/GameOfLife/build/CMakeFiles/CMakeTmp/CheckSymbolExists.c:
/* */
#include <pthread.h>

int main(int argc, char** argv)
{
  (void)argv;
#ifndef pthread_setname_np
  return ((int*)(&pthread_setname_np))[argc];
#else
  (void)argc;
  return 0;
#endif
}
Performing C SOURCE FILE Test PTHREAD_SETNAME_NP_ONE_PARAM succeeded with the following output:
Change Dir: /Users/zacharylineman/Developer/GitHub/Hephaestus/Games/GameOfLife/build/CMakeFiles/CMakeTmp

Run Build Command(s):/usr/bin/make -f Makefile cmTC_fbcdb/fast && /Applications/Xcode-14.0.1.app/Contents/Developer/usr/bin/make  -f CMakeFiles/cmTC_fbcdb.dir/build.make CMakeFiles/cmTC_fbcdb.dir/build
Building C object CMakeFiles/cmTC_fbcdb.dir/src.c.o
/Applications/Xcode-14.0.1.app/Contents/Developer/Toolchains/XcodeDefault.xctoolchain/usr/bin/cc -DPTHREAD_SETNAME_NP_ONE_PARAM  -pthread -arch arm64 -isysroot /Applications/Xcode-14.0.1.app/Contents/Developer/Platforms/MacOSX.platform/Developer/SDKs/MacOSX12.3.sdk -MD -MT CMakeFiles/cmTC_fbcdb.dir/src.c.o -MF CMakeFiles/cmTC_fbcdb.dir/src.c.o.d -o CMakeFiles/cmTC_fbcdb.dir/src.c.o -c /Users/zacharylineman/Developer/GitHub/Hephaestus/Games/GameOfLife/build/CMakeFiles/CMakeTmp/src.c
Linking C executable cmTC_fbcdb
"/Users/zacharylineman/Library/Application Support/JetBrains/Toolbox/apps/CLion/ch-0/222.4167.35/CLion.app/Contents/bin/cmake/mac/bin/cmake" -E cmake_link_script CMakeFiles/cmTC_fbcdb.dir/link.txt --verbose=1
/Applications/Xcode-14.0.1.app/Contents/Developer/Toolchains/XcodeDefault.xctoolchain/usr/bin/cc   -pthread -arch arm64 -isysroot /Applications/Xcode-14.0.1.app/Contents/Developer/Platforms/MacOSX.platform/Developer/SDKs/MacOSX12.3.sdk -Wl,-search_paths_first -Wl,-headerpad_max_install_names CMakeFiles/cmTC_fbcdb.dir/src.c.o -o cmTC_fbcdb  -lm -ldl 


Source file was:

#include <pthread.h>
int main()
{
    pthread_setname_np("testname");
    return 0;
}
Determining if the getopt exist passed with the following output:
Change Dir: /Users/zacharylineman/Developer/GitHub/Hephaestus/Games/GameOfLife/build/CMakeFiles/CMakeTmp

Run Build Command(s):/usr/bin/make -f Makefile cmTC_538ab/fast && /Applications/Xcode-14.0.1.app/Contents/Developer/usr/bin/make  -f CMakeFiles/cmTC_538ab.dir/build.make CMakeFiles/cmTC_538ab.dir/build
Building C object CMakeFiles/cmTC_538ab.dir/CheckSymbolExists.c.o
/Applications/Xcode-14.0.1.app/Contents/Developer/Toolchains/XcodeDefault.xctoolchain/usr/bin/cc   -pthread -arch arm64 -isysroot /Applications/Xcode-14.0.1.app/Contents/Developer/Platforms/MacOSX.platform/Developer/SDKs/MacOSX12.3.sdk -MD -MT CMakeFiles/cmTC_538ab.dir/CheckSymbolExists.c.o -MF CMakeFiles/cmTC_538ab.dir/CheckSymbolExists.c.o.d -o CMakeFiles/cmTC_538ab.dir/CheckSymbolExists.c.o -c /Users/zacharylineman/Developer/GitHub/Hephaestus/Games/GameOfLife/build/CMakeFiles/CMakeTmp/CheckSymbolExists.c
Linking C executable cmTC_538ab
"/Users/zacharylineman/Library/Application Support/JetBrains/Toolbox/apps/CLion/ch-0/222.4167.35/CLion.app/Contents/bin/cmake/mac/bin/cmake" -E cmake_link_script CMakeFiles/cmTC_538ab.dir/link.txt --verbose=1
/Applications/Xcode-14.0.1.app/Contents/Developer/Toolchains/XcodeDefault.xctoolchain/usr/bin/cc   -pthread -arch arm64 -isysroot /Applications/Xcode-14.0.1.app/Contents/Developer/Platforms/MacOSX.platform/Developer/SDKs/MacOSX12.3.sdk -Wl,-search_paths_first -Wl,-headerpad_max_install_names CMakeFiles/cmTC_538ab.dir/CheckSymbolExists.c.o -o cmTC_538ab  -lm -ldl 


File /Users/zacharylineman/Developer/GitHub/Hephaestus/Games/GameOfLife/build/CMakeFiles/CMakeTmp/CheckSymbolExists.c:
/* */
#include <unistd.h>

int main(int argc, char** argv)
{
  (void)argv;
#ifndef getopt
  return ((int*)(&getopt))[argc];
#else
  (void)argc;
  return 0;
#endif
}
